<?xml version="1.0" encoding="UTF-8"?>
<!-- Generated by org.testng.reporters.JUnitXMLReporter -->
<testsuite hostname="PC" ignored="2" tests="0" failures="0" timestamp="03 May 2021 22:38:29 GMT" time="0.027" errors="0">
  <testcase name="feature" time="0.0" classname="cucumberoptions.TestRunner">
    <ignored/>
  </testcase> <!-- feature -->
  <testcase name="runScenario" time="0.0" classname="io.cucumber.testng.AbstractTestNGCucumberTests">
    <ignored/>
  </testcase> <!-- runScenario -->
</testsuite>
