<?xml version="1.0" encoding="UTF-8"?>
<testng-results skipped="0" failed="4" ignored="0" total="4" passed="0">
  <reporter-output>
    <line>
      <![CDATA[<div "result">Click on Sign In2 Button (PASSED : 3s)</div>]]>
    </line>
    <line>
      <![CDATA[<div "result">Create an account box (FAILED : 40s)</div>]]>
    </line>
    <line>
      <![CDATA[<div "result">Select the below data and Click on Register button (SKIPPED)</div>]]>
    </line>
    <line>
      <![CDATA[<div "result">Validate that you are successfully registered (SKIPPED)</div>]]>
    </line>
    <line>
      <![CDATA[<div "result">user logged in to CRM Application (PASSED : 15s)</div>]]>
    </line>
    <line>
      <![CDATA[<div "result">user mouse hover to &quot;Cases&quot; and select &quot;New Case&quot; (PASSED : 6s)</div>]]>
    </line>
    <line>
      <![CDATA[<div "result">User enter the &quot;Mr&quot;,&quot;Enquiring&quot;,&quot;14&#x2F;07&#x2F;2020&quot; and &quot;Open&quot;,&quot;Complaint&quot;, &quot;Low&quot;,&quot;diwakar kumar&quot;,&quot;yes&quot;,&quot;diwak&quot; details for task creation (FAILED : 20s)</div>]]>
    </line>
    <line>
      <![CDATA[<div "result">verify task created (SKIPPED)</div>]]>
    </line>
    <line>
      <![CDATA[<div "result">user logged in to CRM Application (PASSED : 15s)</div>]]>
    </line>
    <line>
      <![CDATA[<div "result">user mouse hover to &quot;Cases&quot; and select &quot;New Case&quot; (PASSED : 6s)</div>]]>
    </line>
    <line>
      <![CDATA[<div "result">User enter the &quot;Miss&quot;,&quot;Enquiring&quot;,&quot;14&#x2F;08&#x2F;2020&quot; and &quot;Open&quot;,&quot;Complaint&quot;, &quot;Low&quot;,&quot;diwakar kumar&quot;,&quot;yes&quot;,&quot;diwak&quot; details for task creation (FAILED : 20s)</div>]]>
    </line>
    <line>
      <![CDATA[<div "result">verify task created (SKIPPED)</div>]]>
    </line>
    <line>
      <![CDATA[<div "result">user logged in to CRM Application (PASSED : 8s)</div>]]>
    </line>
    <line>
      <![CDATA[<div "result">user mouse hover to &quot;Cases&quot; and select &quot;New Case&quot; (PASSED : 6s)</div>]]>
    </line>
    <line>
      <![CDATA[<div "result">User enter the &quot;Mrs&quot;,&quot;Enquiring&quot;,&quot;15&#x2F;01&#x2F;2021&quot; and &quot;Closed&quot;,&quot;Enquiry&quot;, &quot;High&quot;,&quot;diwakar kumar&quot;,&quot;yes&quot;,&quot;diwak&quot; details for task creation (FAILED : 20s)</div>]]>
    </line>
    <line>
      <![CDATA[<div "result">verify task created (SKIPPED)</div>]]>
    </line>
  </reporter-output>
  <suite name="Practice automation Suite" duration-ms="219909" started-at="2020-05-11T18:57:00Z" finished-at="2020-05-11T19:00:40Z">
    <groups>
      <group name="cucumber">
        <method signature="AbstractTestNGCucumberTests.runScenario(cucumber.api.testng.PickleEventWrapper, cucumber.api.testng.CucumberFeatureWrapper)[pri:0, instance:cucumberoptions.TestRunner@3d121db3]" name="runScenario" class="cucumber.api.testng.AbstractTestNGCucumberTests"/>
      </group> <!-- cucumber -->
    </groups>
    <test name="All Test" duration-ms="219909" started-at="2020-05-11T18:57:00Z" finished-at="2020-05-11T19:00:40Z">
      <class name="cucumberoptions.TestRunner">
        <test-method status="PASS" signature="setUpClass()[pri:0, instance:cucumberoptions.TestRunner@3d121db3]" name="setUpClass" is-config="true" duration-ms="454" started-at="2020-05-11T18:57:00Z" finished-at="2020-05-11T18:57:00Z">
          <reporter-output>
          </reporter-output>
        </test-method> <!-- setUpClass -->
        <test-method status="FAIL" signature="runScenario(cucumber.api.testng.PickleEventWrapper, cucumber.api.testng.CucumberFeatureWrapper)[pri:0, instance:cucumberoptions.TestRunner@3d121db3]" name="runScenario" duration-ms="58347" started-at="2020-05-11T18:57:01Z" description="Runs Cucumber Scenarios" data-provider="scenarios" finished-at="2020-05-11T18:57:59Z">
          <params>
            <param index="0">
              <value>
                <![CDATA[""]]>
              </value>
            </param>
            <param index="1">
              <value>
                <![CDATA["by using this http://automationpractice.com/index.php"]]>
              </value>
            </param>
          </params>
          <exception class="java.lang.AssertionError">
            <message>
              <![CDATA[element not found]]>
            </message>
            <full-stacktrace>
              <![CDATA[java.lang.AssertionError: element not found
at org.junit.Assert.fail(Assert.java:88)
at org.junit.Assert.assertTrue(Assert.java:41)
at resources.TestBase.WaitVisibilityOf(TestBase.java:80)
at pageObjects.automationpracticePage.CreateAnAccount(automationpracticePage.java:107)
at stepDefinations.automationparcRegisteration.create_an_account_box(automationparcRegisteration.java:30)
at ✽.Create an account box(src/test/java/features/BDDassignment2.feature:7)
]]>
            </full-stacktrace>
          </exception> <!-- java.lang.AssertionError -->
          <reporter-output>
            <line>
              <![CDATA[<div "result">Click on Sign In2 Button (PASSED : 3s)</div>]]>
            </line>
            <line>
              <![CDATA[<div "result">Create an account box (FAILED : 40s)</div>]]>
            </line>
            <line>
              <![CDATA[<div "result">Select the below data and Click on Register button (SKIPPED)</div>]]>
            </line>
            <line>
              <![CDATA[<div "result">Validate that you are successfully registered (SKIPPED)</div>]]>
            </line>
          </reporter-output>
        </test-method> <!-- runScenario -->
        <test-method status="FAIL" signature="runScenario(cucumber.api.testng.PickleEventWrapper, cucumber.api.testng.CucumberFeatureWrapper)[pri:0, instance:cucumberoptions.TestRunner@3d121db3]" name="runScenario" duration-ms="55489" started-at="2020-05-11T18:57:59Z" description="Runs Cucumber Scenarios" data-provider="scenarios" finished-at="2020-05-11T18:58:54Z">
          <params>
            <param index="0">
              <value>
                <![CDATA["crreation of multiple task"]]>
              </value>
            </param>
            <param index="1">
              <value>
                <![CDATA["New task creation"]]>
              </value>
            </param>
          </params>
          <exception class="org.openqa.selenium.NoSuchElementException">
            <message>
              <![CDATA[no such element: Unable to locate element: {"method":"css selector","selector":"input[name=sequence]"}
  (Session info: chrome=81.0.4044.138)
For documentation on this error, please visit: https://www.seleniumhq.org/exceptions/no_such_element.html
Build info: version: '3.141.59', revision: 'e82be7d358', time: '2018-11-14T08:17:03'
System info: host: 'PC', ip: '192.168.43.118', os.name: 'Windows 8.1', os.arch: 'amd64', os.version: '6.3', java.version: '1.8.0_221'
Driver info: org.openqa.selenium.chrome.ChromeDriver
Capabilities {acceptInsecureCerts: false, browserName: chrome, browserVersion: 81.0.4044.138, chrome: {chromedriverVersion: 81.0.4044.69 (6813546031a4b..., userDataDir: C:\Users\Admin\AppData\Loca...}, goog:chromeOptions: {debuggerAddress: localhost:49475}, javascriptEnabled: true, networkConnectionEnabled: false, pageLoadStrategy: normal, platform: WINDOWS, platformName: WINDOWS, proxy: Proxy(), setWindowRect: true, strictFileInteractability: false, timeouts: {implicit: 0, pageLoad: 300000, script: 30000}, unhandledPromptBehavior: dismiss and notify, webauthn:virtualAuthenticators: true}
Session ID: 84219c34c252f9fa64eee8e75db48bb7
*** Element info: {Using=css selector, value=input[name=sequence]}]]>
            </message>
            <full-stacktrace>
              <![CDATA[org.openqa.selenium.NoSuchElementException: no such element: Unable to locate element: {"method":"css selector","selector":"input[name=sequence]"}
  (Session info: chrome=81.0.4044.138)
For documentation on this error, please visit: https://www.seleniumhq.org/exceptions/no_such_element.html
Build info: version: '3.141.59', revision: 'e82be7d358', time: '2018-11-14T08:17:03'
System info: host: 'PC', ip: '192.168.43.118', os.name: 'Windows 8.1', os.arch: 'amd64', os.version: '6.3', java.version: '1.8.0_221'
Driver info: org.openqa.selenium.chrome.ChromeDriver
Capabilities {acceptInsecureCerts: false, browserName: chrome, browserVersion: 81.0.4044.138, chrome: {chromedriverVersion: 81.0.4044.69 (6813546031a4b..., userDataDir: C:\Users\Admin\AppData\Loca...}, goog:chromeOptions: {debuggerAddress: localhost:49475}, javascriptEnabled: true, networkConnectionEnabled: false, pageLoadStrategy: normal, platform: WINDOWS, platformName: WINDOWS, proxy: Proxy(), setWindowRect: true, strictFileInteractability: false, timeouts: {implicit: 0, pageLoad: 300000, script: 30000}, unhandledPromptBehavior: dismiss and notify, webauthn:virtualAuthenticators: true}
Session ID: 84219c34c252f9fa64eee8e75db48bb7
*** Element info: {Using=css selector, value=input[name=sequence]}
at sun.reflect.NativeConstructorAccessorImpl.newInstance0(Native Method)
at sun.reflect.NativeConstructorAccessorImpl.newInstance(Unknown Source)
at sun.reflect.DelegatingConstructorAccessorImpl.newInstance(Unknown Source)
at java.lang.reflect.Constructor.newInstance(Unknown Source)
at org.openqa.selenium.remote.http.W3CHttpResponseCodec.createException(W3CHttpResponseCodec.java:187)
at org.openqa.selenium.remote.http.W3CHttpResponseCodec.decode(W3CHttpResponseCodec.java:122)
at org.openqa.selenium.remote.http.W3CHttpResponseCodec.decode(W3CHttpResponseCodec.java:49)
at org.openqa.selenium.remote.HttpCommandExecutor.execute(HttpCommandExecutor.java:158)
at org.openqa.selenium.remote.service.DriverCommandExecutor.execute(DriverCommandExecutor.java:83)
at org.openqa.selenium.remote.RemoteWebDriver.execute(RemoteWebDriver.java:552)
at org.openqa.selenium.remote.RemoteWebDriver.findElement(RemoteWebDriver.java:323)
at org.openqa.selenium.remote.RemoteWebDriver.findElementByCssSelector(RemoteWebDriver.java:420)
at org.openqa.selenium.By$ByCssSelector.findElement(By.java:431)
at org.openqa.selenium.remote.RemoteWebDriver.findElement(RemoteWebDriver.java:315)
at org.openqa.selenium.support.pagefactory.DefaultElementLocator.findElement(DefaultElementLocator.java:69)
at org.openqa.selenium.support.pagefactory.internal.LocatingElementHandler.invoke(LocatingElementHandler.java:38)
at com.sun.proxy.$Proxy19.getAttribute(Unknown Source)
at pageObjects.crmnewTaskPage.getTaskNo(crmnewTaskPage.java:55)
at pageObjects.crmnewTaskPage.newTaskCreation(crmnewTaskPage.java:169)
at stepDefinations.crmnewTask.user_enter_the_and_details_for_task_creation(crmnewTask.java:36)
at ✽.User enter the "Mr","Enquiring","14/07/2020" and "Open","Complaint", "Low","diwakar kumar","yes","diwak" details for task creation(src/test/java/features/CRMTaskCreation.feature:7)
]]>
            </full-stacktrace>
          </exception> <!-- org.openqa.selenium.NoSuchElementException -->
          <reporter-output>
            <line>
              <![CDATA[<div "result">user logged in to CRM Application (PASSED : 15s)</div>]]>
            </line>
            <line>
              <![CDATA[<div "result">user mouse hover to &quot;Cases&quot; and select &quot;New Case&quot; (PASSED : 6s)</div>]]>
            </line>
            <line>
              <![CDATA[<div "result">User enter the &quot;Mr&quot;,&quot;Enquiring&quot;,&quot;14&#x2F;07&#x2F;2020&quot; and &quot;Open&quot;,&quot;Complaint&quot;, &quot;Low&quot;,&quot;diwakar kumar&quot;,&quot;yes&quot;,&quot;diwak&quot; details for task creation (FAILED : 20s)</div>]]>
            </line>
            <line>
              <![CDATA[<div "result">verify task created (SKIPPED)</div>]]>
            </line>
          </reporter-output>
        </test-method> <!-- runScenario -->
        <test-method status="FAIL" signature="runScenario(cucumber.api.testng.PickleEventWrapper, cucumber.api.testng.CucumberFeatureWrapper)[pri:0, instance:cucumberoptions.TestRunner@3d121db3]" name="runScenario" duration-ms="57700" started-at="2020-05-11T18:58:54Z" description="Runs Cucumber Scenarios" data-provider="scenarios" finished-at="2020-05-11T18:59:52Z">
          <params>
            <param index="0">
              <value>
                <![CDATA["crreation of multiple task"]]>
              </value>
            </param>
            <param index="1">
              <value>
                <![CDATA["New task creation"]]>
              </value>
            </param>
          </params>
          <exception class="org.openqa.selenium.NoSuchElementException">
            <message>
              <![CDATA[no such element: Unable to locate element: {"method":"css selector","selector":"input[name=sequence]"}
  (Session info: chrome=81.0.4044.138)
For documentation on this error, please visit: https://www.seleniumhq.org/exceptions/no_such_element.html
Build info: version: '3.141.59', revision: 'e82be7d358', time: '2018-11-14T08:17:03'
System info: host: 'PC', ip: '192.168.43.118', os.name: 'Windows 8.1', os.arch: 'amd64', os.version: '6.3', java.version: '1.8.0_221'
Driver info: org.openqa.selenium.chrome.ChromeDriver
Capabilities {acceptInsecureCerts: false, browserName: chrome, browserVersion: 81.0.4044.138, chrome: {chromedriverVersion: 81.0.4044.69 (6813546031a4b..., userDataDir: C:\Users\Admin\AppData\Loca...}, goog:chromeOptions: {debuggerAddress: localhost:49528}, javascriptEnabled: true, networkConnectionEnabled: false, pageLoadStrategy: normal, platform: WINDOWS, platformName: WINDOWS, proxy: Proxy(), setWindowRect: true, strictFileInteractability: false, timeouts: {implicit: 0, pageLoad: 300000, script: 30000}, unhandledPromptBehavior: dismiss and notify, webauthn:virtualAuthenticators: true}
Session ID: 74c91a50cff115a7beca187e0fed0096
*** Element info: {Using=css selector, value=input[name=sequence]}]]>
            </message>
            <full-stacktrace>
              <![CDATA[org.openqa.selenium.NoSuchElementException: no such element: Unable to locate element: {"method":"css selector","selector":"input[name=sequence]"}
  (Session info: chrome=81.0.4044.138)
For documentation on this error, please visit: https://www.seleniumhq.org/exceptions/no_such_element.html
Build info: version: '3.141.59', revision: 'e82be7d358', time: '2018-11-14T08:17:03'
System info: host: 'PC', ip: '192.168.43.118', os.name: 'Windows 8.1', os.arch: 'amd64', os.version: '6.3', java.version: '1.8.0_221'
Driver info: org.openqa.selenium.chrome.ChromeDriver
Capabilities {acceptInsecureCerts: false, browserName: chrome, browserVersion: 81.0.4044.138, chrome: {chromedriverVersion: 81.0.4044.69 (6813546031a4b..., userDataDir: C:\Users\Admin\AppData\Loca...}, goog:chromeOptions: {debuggerAddress: localhost:49528}, javascriptEnabled: true, networkConnectionEnabled: false, pageLoadStrategy: normal, platform: WINDOWS, platformName: WINDOWS, proxy: Proxy(), setWindowRect: true, strictFileInteractability: false, timeouts: {implicit: 0, pageLoad: 300000, script: 30000}, unhandledPromptBehavior: dismiss and notify, webauthn:virtualAuthenticators: true}
Session ID: 74c91a50cff115a7beca187e0fed0096
*** Element info: {Using=css selector, value=input[name=sequence]}
at sun.reflect.NativeConstructorAccessorImpl.newInstance0(Native Method)
at sun.reflect.NativeConstructorAccessorImpl.newInstance(Unknown Source)
at sun.reflect.DelegatingConstructorAccessorImpl.newInstance(Unknown Source)
at java.lang.reflect.Constructor.newInstance(Unknown Source)
at org.openqa.selenium.remote.http.W3CHttpResponseCodec.createException(W3CHttpResponseCodec.java:187)
at org.openqa.selenium.remote.http.W3CHttpResponseCodec.decode(W3CHttpResponseCodec.java:122)
at org.openqa.selenium.remote.http.W3CHttpResponseCodec.decode(W3CHttpResponseCodec.java:49)
at org.openqa.selenium.remote.HttpCommandExecutor.execute(HttpCommandExecutor.java:158)
at org.openqa.selenium.remote.service.DriverCommandExecutor.execute(DriverCommandExecutor.java:83)
at org.openqa.selenium.remote.RemoteWebDriver.execute(RemoteWebDriver.java:552)
at org.openqa.selenium.remote.RemoteWebDriver.findElement(RemoteWebDriver.java:323)
at org.openqa.selenium.remote.RemoteWebDriver.findElementByCssSelector(RemoteWebDriver.java:420)
at org.openqa.selenium.By$ByCssSelector.findElement(By.java:431)
at org.openqa.selenium.remote.RemoteWebDriver.findElement(RemoteWebDriver.java:315)
at org.openqa.selenium.support.pagefactory.DefaultElementLocator.findElement(DefaultElementLocator.java:69)
at org.openqa.selenium.support.pagefactory.internal.LocatingElementHandler.invoke(LocatingElementHandler.java:38)
at com.sun.proxy.$Proxy19.getAttribute(Unknown Source)
at pageObjects.crmnewTaskPage.getTaskNo(crmnewTaskPage.java:55)
at pageObjects.crmnewTaskPage.newTaskCreation(crmnewTaskPage.java:169)
at stepDefinations.crmnewTask.user_enter_the_and_details_for_task_creation(crmnewTask.java:36)
at ✽.User enter the "Miss","Enquiring","14/08/2020" and "Open","Complaint", "Low","diwakar kumar","yes","diwak" details for task creation(src/test/java/features/CRMTaskCreation.feature:7)
]]>
            </full-stacktrace>
          </exception> <!-- org.openqa.selenium.NoSuchElementException -->
          <reporter-output>
            <line>
              <![CDATA[<div "result">user logged in to CRM Application (PASSED : 15s)</div>]]>
            </line>
            <line>
              <![CDATA[<div "result">user mouse hover to &quot;Cases&quot; and select &quot;New Case&quot; (PASSED : 6s)</div>]]>
            </line>
            <line>
              <![CDATA[<div "result">User enter the &quot;Miss&quot;,&quot;Enquiring&quot;,&quot;14&#x2F;08&#x2F;2020&quot; and &quot;Open&quot;,&quot;Complaint&quot;, &quot;Low&quot;,&quot;diwakar kumar&quot;,&quot;yes&quot;,&quot;diwak&quot; details for task creation (FAILED : 20s)</div>]]>
            </line>
            <line>
              <![CDATA[<div "result">verify task created (SKIPPED)</div>]]>
            </line>
          </reporter-output>
        </test-method> <!-- runScenario -->
        <test-method status="FAIL" signature="runScenario(cucumber.api.testng.PickleEventWrapper, cucumber.api.testng.CucumberFeatureWrapper)[pri:0, instance:cucumberoptions.TestRunner@3d121db3]" name="runScenario" duration-ms="47650" started-at="2020-05-11T18:59:52Z" description="Runs Cucumber Scenarios" data-provider="scenarios" finished-at="2020-05-11T19:00:40Z">
          <params>
            <param index="0">
              <value>
                <![CDATA["crreation of multiple task"]]>
              </value>
            </param>
            <param index="1">
              <value>
                <![CDATA["New task creation"]]>
              </value>
            </param>
          </params>
          <exception class="org.openqa.selenium.NoSuchElementException">
            <message>
              <![CDATA[no such element: Unable to locate element: {"method":"css selector","selector":"input[name=sequence]"}
  (Session info: chrome=81.0.4044.138)
For documentation on this error, please visit: https://www.seleniumhq.org/exceptions/no_such_element.html
Build info: version: '3.141.59', revision: 'e82be7d358', time: '2018-11-14T08:17:03'
System info: host: 'PC', ip: '192.168.43.118', os.name: 'Windows 8.1', os.arch: 'amd64', os.version: '6.3', java.version: '1.8.0_221'
Driver info: org.openqa.selenium.chrome.ChromeDriver
Capabilities {acceptInsecureCerts: false, browserName: chrome, browserVersion: 81.0.4044.138, chrome: {chromedriverVersion: 81.0.4044.69 (6813546031a4b..., userDataDir: C:\Users\Admin\AppData\Loca...}, goog:chromeOptions: {debuggerAddress: localhost:49577}, javascriptEnabled: true, networkConnectionEnabled: false, pageLoadStrategy: normal, platform: WINDOWS, platformName: WINDOWS, proxy: Proxy(), setWindowRect: true, strictFileInteractability: false, timeouts: {implicit: 0, pageLoad: 300000, script: 30000}, unhandledPromptBehavior: dismiss and notify, webauthn:virtualAuthenticators: true}
Session ID: b0279f1c2b22d7e36608692f0c7dd5f9
*** Element info: {Using=css selector, value=input[name=sequence]}]]>
            </message>
            <full-stacktrace>
              <![CDATA[org.openqa.selenium.NoSuchElementException: no such element: Unable to locate element: {"method":"css selector","selector":"input[name=sequence]"}
  (Session info: chrome=81.0.4044.138)
For documentation on this error, please visit: https://www.seleniumhq.org/exceptions/no_such_element.html
Build info: version: '3.141.59', revision: 'e82be7d358', time: '2018-11-14T08:17:03'
System info: host: 'PC', ip: '192.168.43.118', os.name: 'Windows 8.1', os.arch: 'amd64', os.version: '6.3', java.version: '1.8.0_221'
Driver info: org.openqa.selenium.chrome.ChromeDriver
Capabilities {acceptInsecureCerts: false, browserName: chrome, browserVersion: 81.0.4044.138, chrome: {chromedriverVersion: 81.0.4044.69 (6813546031a4b..., userDataDir: C:\Users\Admin\AppData\Loca...}, goog:chromeOptions: {debuggerAddress: localhost:49577}, javascriptEnabled: true, networkConnectionEnabled: false, pageLoadStrategy: normal, platform: WINDOWS, platformName: WINDOWS, proxy: Proxy(), setWindowRect: true, strictFileInteractability: false, timeouts: {implicit: 0, pageLoad: 300000, script: 30000}, unhandledPromptBehavior: dismiss and notify, webauthn:virtualAuthenticators: true}
Session ID: b0279f1c2b22d7e36608692f0c7dd5f9
*** Element info: {Using=css selector, value=input[name=sequence]}
at sun.reflect.NativeConstructorAccessorImpl.newInstance0(Native Method)
at sun.reflect.NativeConstructorAccessorImpl.newInstance(Unknown Source)
at sun.reflect.DelegatingConstructorAccessorImpl.newInstance(Unknown Source)
at java.lang.reflect.Constructor.newInstance(Unknown Source)
at org.openqa.selenium.remote.http.W3CHttpResponseCodec.createException(W3CHttpResponseCodec.java:187)
at org.openqa.selenium.remote.http.W3CHttpResponseCodec.decode(W3CHttpResponseCodec.java:122)
at org.openqa.selenium.remote.http.W3CHttpResponseCodec.decode(W3CHttpResponseCodec.java:49)
at org.openqa.selenium.remote.HttpCommandExecutor.execute(HttpCommandExecutor.java:158)
at org.openqa.selenium.remote.service.DriverCommandExecutor.execute(DriverCommandExecutor.java:83)
at org.openqa.selenium.remote.RemoteWebDriver.execute(RemoteWebDriver.java:552)
at org.openqa.selenium.remote.RemoteWebDriver.findElement(RemoteWebDriver.java:323)
at org.openqa.selenium.remote.RemoteWebDriver.findElementByCssSelector(RemoteWebDriver.java:420)
at org.openqa.selenium.By$ByCssSelector.findElement(By.java:431)
at org.openqa.selenium.remote.RemoteWebDriver.findElement(RemoteWebDriver.java:315)
at org.openqa.selenium.support.pagefactory.DefaultElementLocator.findElement(DefaultElementLocator.java:69)
at org.openqa.selenium.support.pagefactory.internal.LocatingElementHandler.invoke(LocatingElementHandler.java:38)
at com.sun.proxy.$Proxy19.getAttribute(Unknown Source)
at pageObjects.crmnewTaskPage.getTaskNo(crmnewTaskPage.java:55)
at pageObjects.crmnewTaskPage.newTaskCreation(crmnewTaskPage.java:169)
at stepDefinations.crmnewTask.user_enter_the_and_details_for_task_creation(crmnewTask.java:36)
at ✽.User enter the "Mrs","Enquiring","15/01/2021" and "Closed","Enquiry", "High","diwakar kumar","yes","diwak" details for task creation(src/test/java/features/CRMTaskCreation.feature:7)
]]>
            </full-stacktrace>
          </exception> <!-- org.openqa.selenium.NoSuchElementException -->
          <reporter-output>
            <line>
              <![CDATA[<div "result">user logged in to CRM Application (PASSED : 8s)</div>]]>
            </line>
            <line>
              <![CDATA[<div "result">user mouse hover to &quot;Cases&quot; and select &quot;New Case&quot; (PASSED : 6s)</div>]]>
            </line>
            <line>
              <![CDATA[<div "result">User enter the &quot;Mrs&quot;,&quot;Enquiring&quot;,&quot;15&#x2F;01&#x2F;2021&quot; and &quot;Closed&quot;,&quot;Enquiry&quot;, &quot;High&quot;,&quot;diwakar kumar&quot;,&quot;yes&quot;,&quot;diwak&quot; details for task creation (FAILED : 20s)</div>]]>
            </line>
            <line>
              <![CDATA[<div "result">verify task created (SKIPPED)</div>]]>
            </line>
          </reporter-output>
        </test-method> <!-- runScenario -->
        <test-method status="PASS" signature="tearDownClass()[pri:0, instance:cucumberoptions.TestRunner@3d121db3]" name="tearDownClass" is-config="true" duration-ms="73" started-at="2020-05-11T19:00:40Z" finished-at="2020-05-11T19:00:40Z">
          <reporter-output>
          </reporter-output>
        </test-method> <!-- tearDownClass -->
      </class> <!-- cucumberoptions.TestRunner -->
    </test> <!-- All Test -->
  </suite> <!-- Practice automation Suite -->
</testng-results>
