<?xml version="1.0" encoding="UTF-8"?>
<!-- Generated by org.testng.reporters.JUnitReportReporter -->
<testsuite skipped="0" hostname="PC" name="cucumberoptions.TestRunner" tests="3" failures="1" timestamp="11 Jun 2020 02:04:35 GMT" time="55.591" errors="0">
  <testcase name="feature" time="22.027" classname="cucumberoptions.TestRunner">
    <failure type="junit.framework.AssertionFailedError">
      <![CDATA[junit.framework.AssertionFailedError
at junit.framework.Assert.fail(Assert.java:48)
at junit.framework.Assert.assertTrue(Assert.java:20)
at junit.framework.Assert.assertFalse(Assert.java:34)
at junit.framework.Assert.assertFalse(Assert.java:41)
at pageObjects.userCreation.verfiytheUserCreation(userCreation.java:43)
at stepDefinations.newTour.user_created(newTour.java:74)
at ✽.User created"mercury3"(file:///C:/selenium/mavenproj/src/test/java/features/newtoursAssignment.feature:11)
]]>
    </failure>
  </testcase> <!-- feature -->
  <testcase name="feature" time="18.523" classname="cucumberoptions.TestRunner"/>
  <testcase name="feature" time="15.041" classname="cucumberoptions.TestRunner"/>
</testsuite> <!-- cucumberoptions.TestRunner -->
